#
# A fatal error has been detected by the Java Runtime Environment:
#
#  EXCEPTION_ACCESS_VIOLATION (0xc0000005) at pc=0x000000007745ffd2, pid=7648, tid=0x0000000000004058
#
# JRE version: OpenJDK Runtime Environment (8.0_282-b08) (build 1.8.0_282-b08)
# Java VM: OpenJDK 64-Bit Server VM (25.282-b08 mixed mode windows-amd64 compressed oops)
# Problematic frame:
# V  [jvm.dll+0x3cffd2]
#
# Failed to write core dump. Minidumps are not enabled by default on client versions of Windows
#
# If you would like to submit a bug report, please include
# instructions on how to reproduce the bug and visit:
#   https://github.com/corretto/corretto-8/issues/
#

---------------  T H R E A D  ---------------

Current thread (0x000002618d91b800):  GCTaskThread [stack: 0x00000099ed400000,0x00000099ed500000] [id=16472]

siginfo: ExceptionCode=0xc0000005, writing address 0x0000000000013100

Registers:
RAX=0x0000000000013100, RBX=0x0000000000000003, RCX=0x0000000000000000, RDX=0x00000261a829fd60
RSP=0x00000099ed4ff630, RBP=0x00000099ed4ff6b0, RSI=0x0000000000000001, RDI=0x00000261a816ebb0
R8 =0x0000000000000000, R9 =0x0000000000000018, R10=0x0000000000000038, R11=0x00000099ed4ff5d0
R12=0x00000099ed4ff738, R13=0x0000000000000000, R14=0x00000099ed4ff720, R15=0x0000000000000001
RIP=0x000000007745ffd2, EFLAGS=0x0000000000010293

Top of Stack: (sp=0x00000099ed4ff630)
0x00000099ed4ff630:   00000261a829f880 00000007bdf42549
0x00000099ed4ff640:   0000009900000004 00000261a829f800
0x00000099ed4ff650:   00015b6a000054c0 000000007727536d
0x00000099ed4ff660:   000116220000d9b5 0000de9900013103
0x00000099ed4ff670:   0000000000000400 00015b69000054c0
0x00000099ed4ff680:   000002618d917400 00000000776bdb28
0x00000099ed4ff690:   000002618d91bab0 000002618d91baa0
0x00000099ed4ff6a0:   000002618d917400 00000000776bdb28
0x00000099ed4ff6b0:   000002618d917400 00000000776bdb28
0x00000099ed4ff6c0:   000002618d91bab0 000002618d91baa0
0x00000099ed4ff6d0:   0000000000000000 000000007746ec0d
0x00000099ed4ff6e0:   00015b69000054c0 00000261a829f880
0x00000099ed4ff6f0:   00000261aa6280e0 0000000000000001
0x00000099ed4ff700:   00000261aa6280e0 0000000000000000
0x00000099ed4ff710:   0000000000000000 000000007745ce1e
0x00000099ed4ff720:   000002611c0a83e7 000002618d91b800 

Instructions: (pc=0x000000007745ffd2)
0x000000007745ffb2:   58 10 eb 03 48 8b c3 b9 14 00 00 00 48 89 47 48
0x000000007745ffc2:   e8 d9 2c ce ff 48 85 c0 74 14 8b 0d 96 2c 3b 00
0x000000007745ffd2:   48 89 18 88 58 0c 89 48 08 89 58 10 eb 03 48 8b
0x000000007745ffe2:   c3 b9 58 00 00 00 48 89 87 f0 00 00 00 e8 ac 2c 


Register to memory mapping:

RAX=0x0000000000013100 is an unknown value
RBX=0x0000000000000003 is an unknown value
RCX=0x0000000000000000 is an unknown value
RDX=0x00000261a829fd60 is an unknown value
RSP=0x00000099ed4ff630 is an unknown value
RBP=0x00000099ed4ff6b0 is an unknown value
RSI=0x0000000000000001 is an unknown value
RDI=0x00000261a816ebb0 is an unknown value
R8 =0x0000000000000000 is an unknown value
R9 =0x0000000000000018 is an unknown value
R10=0x0000000000000038 is an unknown value
R11=0x00000099ed4ff5d0 is an unknown value
R12=0x00000099ed4ff738 is an unknown value
R13=0x0000000000000000 is an unknown value
R14=0x00000099ed4ff720 is an unknown value
R15=0x0000000000000001 is an unknown value


Stack: [0x00000099ed400000,0x00000099ed500000],  sp=0x00000099ed4ff630,  free space=1021k
Native frames: (J=compiled Java code, j=interpreted, Vv=VM code, C=native code)
V  [jvm.dll+0x3cffd2]
C  0x0000de9900013103


---------------  P R O C E S S  ---------------

Java Threads: ( => current thread )
  0x00000261ae6e6800 JavaThread "DestroyJavaVM" [_thread_blocked, id=13436, stack(0x00000099ed200000,0x00000099ed300000)]
  0x00000261ae6e8000 JavaThread "http-nio-9292-Acceptor" daemon [_thread_in_native, id=13736, stack(0x00000099f0000000,0x00000099f0100000)]
  0x00000261ae6e7800 JavaThread "http-nio-9292-Poller" daemon [_thread_in_native, id=12744, stack(0x00000099eff00000,0x00000099f0000000)]
  0x00000261ae6e5800 JavaThread "http-nio-9292-exec-10" daemon [_thread_blocked, id=20672, stack(0x00000099efe00000,0x00000099eff00000)]
  0x00000261ae6e3800 JavaThread "http-nio-9292-exec-9" daemon [_thread_blocked, id=12412, stack(0x00000099efd00000,0x00000099efe00000)]
  0x00000261ae6e2800 JavaThread "http-nio-9292-exec-8" daemon [_thread_blocked, id=21672, stack(0x00000099efc00000,0x00000099efd00000)]
  0x00000261ae6e9800 JavaThread "http-nio-9292-exec-7" daemon [_thread_blocked, id=20952, stack(0x00000099efb00000,0x00000099efc00000)]
  0x00000261aa311000 JavaThread "http-nio-9292-exec-6" daemon [_thread_blocked, id=21804, stack(0x00000099efa00000,0x00000099efb00000)]
  0x00000261aa30d000 JavaThread "http-nio-9292-exec-5" daemon [_thread_blocked, id=10704, stack(0x00000099ef900000,0x00000099efa00000)]
  0x00000261aa310000 JavaThread "http-nio-9292-exec-4" daemon [_thread_blocked, id=14112, stack(0x00000099ef800000,0x00000099ef900000)]
  0x00000261aa313800 JavaThread "http-nio-9292-exec-3" daemon [_thread_blocked, id=20912, stack(0x00000099ef700000,0x00000099ef800000)]
  0x00000261aa30c800 JavaThread "http-nio-9292-exec-2" daemon [_thread_blocked, id=9436, stack(0x00000099ef600000,0x00000099ef700000)]
  0x00000261aa30f800 JavaThread "http-nio-9292-exec-1" daemon [_thread_blocked, id=3244, stack(0x00000099ef400000,0x00000099ef500000)]
  0x00000261aa312800 JavaThread "Live Reload Server" daemon [_thread_in_native, id=14732, stack(0x00000099ef500000,0x00000099ef600000)]
  0x00000261aa312000 JavaThread "File Watcher" daemon [_thread_blocked, id=18252, stack(0x00000099ef300000,0x00000099ef400000)]
  0x00000261aa30e000 JavaThread "HikariPool-1 housekeeper" daemon [_thread_blocked, id=14936, stack(0x00000099ef100000,0x00000099ef200000)]
  0x00000261ac26f800 JavaThread "mysql-cj-abandoned-connection-cleanup" daemon [_thread_blocked, id=6772, stack(0x00000099eef00000,0x00000099ef000000)]
  0x00000261ac237000 JavaThread "container-0" [_thread_blocked, id=4636, stack(0x00000099eee00000,0x00000099eef00000)]
  0x00000261ac20e800 JavaThread "Catalina-utility-2" [_thread_blocked, id=2936, stack(0x00000099eed00000,0x00000099eee00000)]
  0x00000261ac20b000 JavaThread "Catalina-utility-1" [_thread_blocked, id=20412, stack(0x00000099eec00000,0x00000099eed00000)]
  0x00000261aac80000 JavaThread "RMI Scheduler(0)" daemon [_thread_blocked, id=12264, stack(0x00000099eea00000,0x00000099eeb00000)]
  0x00000261aa7b9800 JavaThread "RMI TCP Accept-0" daemon [_thread_in_native, id=9472, stack(0x00000099ee600000,0x00000099ee700000)]
  0x00000261aa568800 JavaThread "Service Thread" daemon [_thread_blocked, id=22048, stack(0x00000099ee500000,0x00000099ee600000)]
  0x00000261aa519800 JavaThread "C1 CompilerThread3" daemon [_thread_blocked, id=20168, stack(0x00000099ee400000,0x00000099ee500000)]
  0x00000261aa4fa000 JavaThread "C2 CompilerThread2" daemon [_thread_blocked, id=3488, stack(0x00000099ee300000,0x00000099ee400000)]
  0x00000261aa4cd000 JavaThread "C2 CompilerThread1" daemon [_thread_blocked, id=7640, stack(0x00000099ee200000,0x00000099ee300000)]
  0x00000261aa4ca000 JavaThread "C2 CompilerThread0" daemon [_thread_blocked, id=9556, stack(0x00000099ee100000,0x00000099ee200000)]
  0x00000261aa49a000 JavaThread "Monitor Ctrl-Break" daemon [_thread_in_native, id=11780, stack(0x00000099ee000000,0x00000099ee100000)]
  0x00000261a82fd800 JavaThread "Attach Listener" daemon [_thread_blocked, id=20336, stack(0x00000099edf00000,0x00000099ee000000)]
  0x00000261a82fc000 JavaThread "Signal Dispatcher" daemon [_thread_blocked, id=6112, stack(0x00000099ede00000,0x00000099edf00000)]
  0x00000261a82e4800 JavaThread "Finalizer" daemon [_thread_blocked, id=19128, stack(0x00000099edd00000,0x00000099ede00000)]
  0x00000261a82dd800 JavaThread "Reference Handler" daemon [_thread_blocked, id=6468, stack(0x00000099edc00000,0x00000099edd00000)]

Other Threads:
  0x00000261a82a3000 VMThread [stack: 0x00000099edb00000,0x00000099edc00000] [id=4680]
  0x00000261aa7c2000 WatcherThread [stack: 0x00000099ee700000,0x00000099ee800000] [id=19836]

=>0x000002618d91b800 (exited) GCTaskThread [stack: 0x00000099ed400000,0x00000099ed500000] [id=16472]

VM state:at safepoint (normal execution)

VM Mutex/Monitor currently owned by a thread:  ([mutex/lock_event])
[0x000002618d901480] Threads_lock - owner thread: 0x00000261a82a3000
[0x000002618d901b00] Heap_lock - owner thread: 0x00000261aa30d000

heap address: 0x00000006c5800000, size: 4008 MB, Compressed Oops mode: Zero based, Oop shift amount: 3
Narrow klass base: 0x0000000000000000, Narrow klass shift: 3
Compressed class space size: 1073741824 Address: 0x00000007c0000000

Heap:
 PSYoungGen      total 1105920K, used 1105728K [0x000000076c800000, 0x00000007c0000000, 0x00000007c0000000)
  eden space 950272K, 100% used [0x000000076c800000,0x00000007a6800000,0x00000007a6800000)
  from space 155648K, 99% used [0x00000007a6800000,0x00000007affd02a0,0x00000007b0000000)
  to   space 220672K, 85% used [0x00000007b2880000,0x00000007be0595f8,0x00000007c0000000)
 ParOldGen       total 649728K, used 394168K [0x00000006c5800000, 0x00000006ed280000, 0x000000076c800000)
  object space 649728K, 60% used [0x00000006c5800000,0x00000006dd8ee238,0x00000006ed280000)
 Metaspace       used 58682K, capacity 62686K, committed 62976K, reserved 1103872K
  class space    used 8173K, capacity 8851K, committed 8960K, reserved 1048576K

Card table byte_map: [0x000002619e630000,0x000002619ee10000] byte_map_base: 0x000002619b004000

Marking Bits: (ParMarkBitMap*) 0x0000000077880890
 Begin Bits: [0x000002619f350000, 0x00000261a31f0000)
 End Bits:   [0x00000261a31f0000, 0x00000261a7090000)

Polling page: 0x000002618d890000

CodeCache: size=245760Kb used=11686Kb max_used=11819Kb free=234073Kb
 bounds [0x000002618f270000, 0x000002618fe00000, 0x000002619e270000]
 total_blobs=6924 nmethods=6318 adapters=517
 compilation: enabled

Compilation events (10 events):
Event: 125.680 Thread 0x00000261aa519800 6411       1       java.text.DontCareFieldPosition$1::formatted (1 bytes)
Event: 125.680 Thread 0x00000261aa519800 nmethod 6411 0x000002618f769650 code [0x000002618f7697a0, 0x000002618f7698b8]
Event: 125.680 Thread 0x00000261aa519800 6412       1       org.apache.tomcat.util.buf.ByteChunk::getBuffer (5 bytes)
Event: 125.680 Thread 0x00000261aa519800 nmethod 6412 0x000002618f769390 code [0x000002618f7694e0, 0x000002618f7695f8]
Event: 126.078 Thread 0x00000261aa519800 6413   !   1       sun.nio.ch.SelectorImpl::processDeregisterQueue (101 bytes)
Event: 126.078 Thread 0x00000261aa519800 nmethod 6413 0x000002618f819b90 code [0x000002618f819d80, 0x000002618f81a2a0]
Event: 126.097 Thread 0x00000261aa519800 6414       1       java.util.HashMap$KeySet::contains (9 bytes)
Event: 126.097 Thread 0x00000261aa519800 nmethod 6414 0x000002618f769090 code [0x000002618f7691e0, 0x000002618f769330]
Event: 127.078 Thread 0x00000261aa519800 6416       1       java.nio.channels.spi.AbstractSelector::isOpen (8 bytes)
Event: 127.079 Thread 0x00000261aa519800 nmethod 6416 0x000002618fa464d0 code [0x000002618fa46620, 0x000002618fa46758]

GC Heap History (10 events):
Event: 101.038 GC heap after
Heap after GC invocations=36 (full 5):
 PSYoungGen      total 1148928K, used 72992K [0x000000076c800000, 0x00000007c0000000, 0x00000007c0000000)
  eden space 929792K, 0% used [0x000000076c800000,0x000000076c800000,0x00000007a5400000)
  from space 219136K, 33% used [0x00000007a5400000,0x00000007a9b480e0,0x00000007b2a00000)
  to   space 207872K, 0% used [0x00000007b3500000,0x00000007b3500000,0x00000007c0000000)
 ParOldGen       total 649728K, used 394160K [0x00000006c5800000, 0x00000006ed280000, 0x000000076c800000)
  object space 649728K, 60% used [0x00000006c5800000,0x00000006dd8ec238,0x00000006ed280000)
 Metaspace       used 58682K, capacity 62686K, committed 62976K, reserved 1103872K
  class space    used 8173K, capacity 8851K, committed 8960K, reserved 1048576K
}
Event: 105.957 GC heap before
{Heap before GC invocations=37 (full 5):
 PSYoungGen      total 1148928K, used 1002784K [0x000000076c800000, 0x00000007c0000000, 0x00000007c0000000)
  eden space 929792K, 100% used [0x000000076c800000,0x00000007a5400000,0x00000007a5400000)
  from space 219136K, 33% used [0x00000007a5400000,0x00000007a9b480e0,0x00000007b2a00000)
  to   space 207872K, 0% used [0x00000007b3500000,0x00000007b3500000,0x00000007c0000000)
 ParOldGen       total 649728K, used 394160K [0x00000006c5800000, 0x00000006ed280000, 0x000000076c800000)
  object space 649728K, 60% used [0x00000006c5800000,0x00000006dd8ec238,0x00000006ed280000)
 Metaspace       used 58682K, capacity 62686K, committed 62976K, reserved 1103872K
  class space    used 8173K, capacity 8851K, committed 8960K, reserved 1048576K
Event: 105.999 GC heap after
Heap after GC invocations=37 (full 5):
 PSYoungGen      total 1122304K, used 95904K [0x000000076c800000, 0x00000007be600000, 0x00000007c0000000)
  eden space 941056K, 0% used [0x000000076c800000,0x000000076c800000,0x00000007a5f00000)
  from space 181248K, 52% used [0x00000007b3500000,0x00000007b92a8190,0x00000007be600000)
  to   space 200192K, 0% used [0x00000007a5f00000,0x00000007a5f00000,0x00000007b2280000)
 ParOldGen       total 649728K, used 394160K [0x00000006c5800000, 0x00000006ed280000, 0x000000076c800000)
  object space 649728K, 60% used [0x00000006c5800000,0x00000006dd8ec238,0x00000006ed280000)
 Metaspace       used 58682K, capacity 62686K, committed 62976K, reserved 1103872K
  class space    used 8173K, capacity 8851K, committed 8960K, reserved 1048576K
}
Event: 111.378 GC heap before
{Heap before GC invocations=38 (full 5):
 PSYoungGen      total 1122304K, used 1036960K [0x000000076c800000, 0x00000007be600000, 0x00000007c0000000)
  eden space 941056K, 100% used [0x000000076c800000,0x00000007a5f00000,0x00000007a5f00000)
  from space 181248K, 52% used [0x00000007b3500000,0x00000007b92a8190,0x00000007be600000)
  to   space 200192K, 0% used [0x00000007a5f00000,0x00000007a5f00000,0x00000007b2280000)
 ParOldGen       total 649728K, used 394160K [0x00000006c5800000, 0x00000006ed280000, 0x000000076c800000)
  object space 649728K, 60% used [0x00000006c5800000,0x00000006dd8ec238,0x00000006ed280000)
 Metaspace       used 58682K, capacity 62686K, committed 62976K, reserved 1103872K
  class space    used 8173K, capacity 8851K, committed 8960K, reserved 1048576K
Event: 111.434 GC heap after
Heap after GC invocations=38 (full 5):
 PSYoungGen      total 1141248K, used 118768K [0x000000076c800000, 0x00000007c0000000, 0x00000007c0000000)
  eden space 941056K, 0% used [0x000000076c800000,0x000000076c800000,0x00000007a5f00000)
  from space 200192K, 59% used [0x00000007a5f00000,0x00000007ad2fc1f0,0x00000007b2280000)
  to   space 201216K, 0% used [0x00000007b3b80000,0x00000007b3b80000,0x00000007c0000000)
 ParOldGen       total 649728K, used 394160K [0x00000006c5800000, 0x00000006ed280000, 0x000000076c800000)
  object space 649728K, 60% used [0x00000006c5800000,0x00000006dd8ec238,0x00000006ed280000)
 Metaspace       used 58682K, capacity 62686K, committed 62976K, reserved 1103872K
  class space    used 8173K, capacity 8851K, committed 8960K, reserved 1048576K
}
Event: 116.903 GC heap before
{Heap before GC invocations=39 (full 5):
 PSYoungGen      total 1141248K, used 1059824K [0x000000076c800000, 0x00000007c0000000, 0x00000007c0000000)
  eden space 941056K, 100% used [0x000000076c800000,0x00000007a5f00000,0x00000007a5f00000)
  from space 200192K, 59% used [0x00000007a5f00000,0x00000007ad2fc1f0,0x00000007b2280000)
  to   space 201216K, 0% used [0x00000007b3b80000,0x00000007b3b80000,0x00000007c0000000)
 ParOldGen       total 649728K, used 394160K [0x00000006c5800000, 0x00000006ed280000, 0x000000076c800000)
  object space 649728K, 60% used [0x00000006c5800000,0x00000006dd8ec238,0x00000006ed280000)
 Metaspace       used 58682K, capacity 62686K, committed 62976K, reserved 1103872K
  class space    used 8173K, capacity 8851K, committed 8960K, reserved 1048576K
Event: 116.962 GC heap after
Heap after GC invocations=39 (full 5):
 PSYoungGen      total 1151488K, used 140103K [0x000000076c800000, 0x00000007c0000000, 0x00000007c0000000)
  eden space 950272K, 0% used [0x000000076c800000,0x000000076c800000,0x00000007a6800000)
  from space 201216K, 69% used [0x00000007b3b80000,0x00000007bc451db8,0x00000007c0000000)
  to   space 208896K, 0% used [0x00000007a6800000,0x00000007a6800000,0x00000007b3400000)
 ParOldGen       total 649728K, used 394160K [0x00000006c5800000, 0x00000006ed280000, 0x000000076c800000)
  object space 649728K, 60% used [0x00000006c5800000,0x00000006dd8ec238,0x00000006ed280000)
 Metaspace       used 58682K, capacity 62686K, committed 62976K, reserved 1103872K
  class space    used 8173K, capacity 8851K, committed 8960K, reserved 1048576K
}
Event: 122.135 GC heap before
{Heap before GC invocations=40 (full 5):
 PSYoungGen      total 1151488K, used 1090375K [0x000000076c800000, 0x00000007c0000000, 0x00000007c0000000)
  eden space 950272K, 100% used [0x000000076c800000,0x00000007a6800000,0x00000007a6800000)
  from space 201216K, 69% used [0x00000007b3b80000,0x00000007bc451db8,0x00000007c0000000)
  to   space 208896K, 0% used [0x00000007a6800000,0x00000007a6800000,0x00000007b3400000)
 ParOldGen       total 649728K, used 394160K [0x00000006c5800000, 0x00000006ed280000, 0x000000076c800000)
  object space 649728K, 60% used [0x00000006c5800000,0x00000006dd8ec238,0x00000006ed280000)
 Metaspace       used 58682K, capacity 62686K, committed 62976K, reserved 1103872K
  class space    used 8173K, capacity 8851K, committed 8960K, reserved 1048576K
Event: 122.205 GC heap after
Heap after GC invocations=40 (full 5):
 PSYoungGen      total 1105920K, used 155456K [0x000000076c800000, 0x00000007c0000000, 0x00000007c0000000)
  eden space 950272K, 0% used [0x000000076c800000,0x000000076c800000,0x00000007a6800000)
  from space 155648K, 99% used [0x00000007a6800000,0x00000007affd02a0,0x00000007b0000000)
  to   space 220672K, 0% used [0x00000007b2880000,0x00000007b2880000,0x00000007c0000000)
 ParOldGen       total 649728K, used 394160K [0x00000006c5800000, 0x00000006ed280000, 0x000000076c800000)
  object space 649728K, 60% used [0x00000006c5800000,0x00000006dd8ec238,0x00000006ed280000)
 Metaspace       used 58682K, capacity 62686K, committed 62976K, reserved 1103872K
  class space    used 8173K, capacity 8851K, committed 8960K, reserved 1048576K
}
Event: 127.472 GC heap before
{Heap before GC invocations=41 (full 5):
 PSYoungGen      total 1105920K, used 1105728K [0x000000076c800000, 0x00000007c0000000, 0x00000007c0000000)
  eden space 950272K, 100% used [0x000000076c800000,0x00000007a6800000,0x00000007a6800000)
  from space 155648K, 99% used [0x00000007a6800000,0x00000007affd02a0,0x00000007b0000000)
  to   space 220672K, 0% used [0x00000007b2880000,0x00000007b2880000,0x00000007c0000000)
 ParOldGen       total 649728K, used 394160K [0x00000006c5800000, 0x00000006ed280000, 0x000000076c800000)
  object space 649728K, 60% used [0x00000006c5800000,0x00000006dd8ec238,0x00000006ed280000)
 Metaspace       used 58682K, capacity 62686K, committed 62976K, reserved 1103872K
  class space    used 8173K, capacity 8851K, committed 8960K, reserved 1048576K

Deoptimization events (0 events):
No events

Classes redefined (0 events):
No events

Internal exceptions (10 events):
Event: 17.212 Thread 0x00000261aa30c800 Exception <a 'java/lang/ArrayIndexOutOfBoundsException'> (0x00000007749698f0) thrown at [C:\wsjdk\Corretto8Src\installers\windows\zip\corretto-build\buildRoot\src\hotspot\src\share\vm\runtime\sharedRuntime.cpp, line 609]
Event: 17.223 Thread 0x00000261aa30c800 Exception <a 'java/lang/ArrayIndexOutOfBoundsException'> (0x0000000774cbe1d0) thrown at [C:\wsjdk\Corretto8Src\installers\windows\zip\corretto-build\buildRoot\src\hotspot\src\share\vm\runtime\sharedRuntime.cpp, line 609]
Event: 17.223 Thread 0x00000261aa30c800 Exception <a 'java/lang/ArrayIndexOutOfBoundsException'> (0x0000000774cbf588) thrown at [C:\wsjdk\Corretto8Src\installers\windows\zip\corretto-build\buildRoot\src\hotspot\src\share\vm\runtime\sharedRuntime.cpp, line 609]
Event: 17.285 Thread 0x00000261aa30c800 Exception <a 'java/lang/ArrayIndexOutOfBoundsException'> (0x0000000775120a90) thrown at [C:\wsjdk\Corretto8Src\installers\windows\zip\corretto-build\buildRoot\src\hotspot\src\share\vm\runtime\sharedRuntime.cpp, line 609]
Event: 87.068 Thread 0x00000261aa310000 Exception <a 'java/lang/ArrayIndexOutOfBoundsException'> (0x0000000774dd9660) thrown at [C:\wsjdk\Corretto8Src\installers\windows\zip\corretto-build\buildRoot\src\hotspot\src\share\vm\runtime\sharedRuntime.cpp, line 609]
Event: 87.068 Thread 0x00000261aa310000 Exception <a 'java/lang/ArrayIndexOutOfBoundsException'> (0x0000000774ddab00) thrown at [C:\wsjdk\Corretto8Src\installers\windows\zip\corretto-build\buildRoot\src\hotspot\src\share\vm\runtime\sharedRuntime.cpp, line 609]
Event: 87.070 Thread 0x00000261aa310000 Exception <a 'java/lang/ArrayIndexOutOfBoundsException'> (0x0000000774dee8e8) thrown at [C:\wsjdk\Corretto8Src\installers\windows\zip\corretto-build\buildRoot\src\hotspot\src\share\vm\runtime\sharedRuntime.cpp, line 609]
Event: 87.077 Thread 0x00000261aa310000 Exception <a 'java/lang/ArrayIndexOutOfBoundsException'> (0x0000000774e8ac50) thrown at [C:\wsjdk\Corretto8Src\installers\windows\zip\corretto-build\buildRoot\src\hotspot\src\share\vm\runtime\sharedRuntime.cpp, line 609]
Event: 87.079 Thread 0x00000261aa310000 Exception <a 'java/lang/ArrayIndexOutOfBoundsException'> (0x0000000774eb49e8) thrown at [C:\wsjdk\Corretto8Src\installers\windows\zip\corretto-build\buildRoot\src\hotspot\src\share\vm\runtime\sharedRuntime.cpp, line 609]
Event: 87.079 Thread 0x00000261aa310000 Exception <a 'java/lang/ArrayIndexOutOfBoundsException'> (0x0000000774eb8db0) thrown at [C:\wsjdk\Corretto8Src\installers\windows\zip\corretto-build\buildRoot\src\hotspot\src\share\vm\runtime\sharedRuntime.cpp, line 609]

Events (10 events):
Event: 122.205 Executing VM operation: ParallelGCFailedAllocation done
Event: 125.078 Executing VM operation: RevokeBias
Event: 125.078 Executing VM operation: RevokeBias done
Event: 125.078 Executing VM operation: RevokeBias
Event: 125.078 Executing VM operation: RevokeBias done
Event: 125.079 Executing VM operation: RevokeBias
Event: 125.079 Executing VM operation: RevokeBias done
Event: 125.680 Executing VM operation: RevokeBias
Event: 125.680 Executing VM operation: RevokeBias done
Event: 127.472 Executing VM operation: ParallelGCFailedAllocation


Dynamic libraries:
0x00007ff72d900000 - 0x00007ff72d93a000 	C:\Users\Grigorich\.jdks\corretto-1.8.0_282\bin\java.exe
0x00007ffafb9c0000 - 0x00007ffafbbb0000 	C:\WINDOWS\SYSTEM32\ntdll.dll
0x00007ffafb2e0000 - 0x00007ffafb392000 	C:\WINDOWS\System32\KERNEL32.DLL
0x00007ffaf94d0000 - 0x00007ffaf9775000 	C:\WINDOWS\System32\KERNELBASE.dll
0x00007ffaf9db0000 - 0x00007ffaf9e53000 	C:\WINDOWS\System32\ADVAPI32.dll
0x00007ffafa7e0000 - 0x00007ffafa87e000 	C:\WINDOWS\System32\msvcrt.dll
0x00007ffafaaa0000 - 0x00007ffafab37000 	C:\WINDOWS\System32\sechost.dll
0x00007ffafa070000 - 0x00007ffafa190000 	C:\WINDOWS\System32\RPCRT4.dll
0x00007ffafb530000 - 0x00007ffafb6c4000 	C:\WINDOWS\System32\USER32.dll
0x00007ffaf94a0000 - 0x00007ffaf94c1000 	C:\WINDOWS\System32\win32u.dll
0x00007ffaf9e60000 - 0x00007ffaf9e86000 	C:\WINDOWS\System32\GDI32.dll
0x00007ffaf9820000 - 0x00007ffaf99b6000 	C:\WINDOWS\System32\gdi32full.dll
0x00007ffaf9780000 - 0x00007ffaf981e000 	C:\WINDOWS\System32\msvcp_win.dll
0x00007ffaf8a30000 - 0x00007ffaf8b2a000 	C:\WINDOWS\System32\ucrtbase.dll
0x00007ffad5fd0000 - 0x00007ffad6254000 	C:\WINDOWS\WinSxS\amd64_microsoft.windows.common-controls_6595b64144ccf1df_6.0.18362.1256_none_9e7e379be45e40e2\COMCTL32.dll
0x00007ffaf9a70000 - 0x00007ffaf9da6000 	C:\WINDOWS\System32\combase.dll
0x00007ffaf92c0000 - 0x00007ffaf9341000 	C:\WINDOWS\System32\bcryptPrimitives.dll
0x00007ffafa7a0000 - 0x00007ffafa7ce000 	C:\WINDOWS\System32\IMM32.DLL
0x00007ffabe6d0000 - 0x00007ffabe7bf000 	C:\Users\Grigorich\.jdks\corretto-1.8.0_282\jre\bin\msvcr120.dll
0x00007ffabde30000 - 0x00007ffabded6000 	C:\Users\Grigorich\.jdks\corretto-1.8.0_282\jre\bin\msvcp120.dll
0x0000000077090000 - 0x00000000778ff000 	C:\Users\Grigorich\.jdks\corretto-1.8.0_282\jre\bin\server\jvm.dll
0x00007ffaf9e90000 - 0x00007ffaf9e98000 	C:\WINDOWS\System32\PSAPI.DLL
0x00007ffaf3480000 - 0x00007ffaf348a000 	C:\WINDOWS\SYSTEM32\VERSION.dll
0x00007ffaf6440000 - 0x00007ffaf6464000 	C:\WINDOWS\SYSTEM32\WINMM.dll
0x00007ffaf63e0000 - 0x00007ffaf640d000 	C:\WINDOWS\SYSTEM32\WINMMBASE.dll
0x00007ffaf8960000 - 0x00007ffaf89aa000 	C:\WINDOWS\System32\cfgmgr32.dll
0x00007ffadcf00000 - 0x00007ffadcf09000 	C:\WINDOWS\SYSTEM32\WSOCK32.dll
0x00007ffaf9ea0000 - 0x00007ffaf9f0f000 	C:\WINDOWS\System32\WS2_32.dll
0x00007ffaf4ec0000 - 0x00007ffaf4ecf000 	C:\Users\Grigorich\.jdks\corretto-1.8.0_282\jre\bin\verify.dll
0x00007ffadaf00000 - 0x00007ffadaf29000 	C:\Users\Grigorich\.jdks\corretto-1.8.0_282\jre\bin\java.dll
0x00007ffad43a0000 - 0x00007ffad43ca000 	C:\Users\Grigorich\.jdks\corretto-1.8.0_282\jre\bin\instrument.dll
0x00007ffad43d0000 - 0x00007ffad43e6000 	C:\Users\Grigorich\.jdks\corretto-1.8.0_282\jre\bin\zip.dll
0x00007ffafab40000 - 0x00007ffafb227000 	C:\WINDOWS\System32\SHELL32.dll
0x00007ffafb230000 - 0x00007ffafb2d9000 	C:\WINDOWS\System32\shcore.dll
0x00007ffaf8b30000 - 0x00007ffaf92b1000 	C:\WINDOWS\System32\windows.storage.dll
0x00007ffaf88b0000 - 0x00007ffaf88d3000 	C:\WINDOWS\System32\profapi.dll
0x00007ffaf88e0000 - 0x00007ffaf892a000 	C:\WINDOWS\System32\powrprof.dll
0x00007ffaf8860000 - 0x00007ffaf8870000 	C:\WINDOWS\System32\UMPDC.dll
0x00007ffafb3a0000 - 0x00007ffafb3f2000 	C:\WINDOWS\System32\shlwapi.dll
0x00007ffaf8870000 - 0x00007ffaf8881000 	C:\WINDOWS\System32\kernel.appcore.dll
0x00007ffaf8a10000 - 0x00007ffaf8a27000 	C:\WINDOWS\System32\cryptsp.dll
0x00000000512c0000 - 0x00000000512d1000 	C:\Program Files\Common Files\Crypto Pro\AppCompat\cpadvai.dll
0x00000000512e0000 - 0x00000000512e7000 	C:\Program Files\Common Files\Crypto Pro\AppCompat\detoured.dll
0x00007ffad1ad0000 - 0x00007ffad1aea000 	C:\Program Files\JetBrains\idea ultimate\bin\breakgen64.dll
0x00007ffacfdf0000 - 0x00007ffacfe0a000 	C:\Users\Grigorich\.jdks\corretto-1.8.0_282\jre\bin\net.dll
0x00007ffaf7bd0000 - 0x00007ffaf7c37000 	C:\WINDOWS\system32\mswsock.dll
0x00007ffaf7920000 - 0x00007ffaf79eb000 	C:\WINDOWS\SYSTEM32\DNSAPI.dll
0x00007ffafa7d0000 - 0x00007ffafa7d8000 	C:\WINDOWS\System32\NSI.dll
0x00007ffaf78e0000 - 0x00007ffaf791a000 	C:\WINDOWS\SYSTEM32\IPHLPAPI.DLL
0x00007ffaefce0000 - 0x00007ffaefcea000 	C:\Windows\System32\rasadhlp.dll
0x00007ffaf11e0000 - 0x00007ffaf1257000 	C:\WINDOWS\System32\fwpuclnt.dll
0x00007ffaf8930000 - 0x00007ffaf8956000 	C:\WINDOWS\System32\bcrypt.dll
0x00007ffaf1890000 - 0x00007ffaf189d000 	C:\Users\Grigorich\.jdks\corretto-1.8.0_282\jre\bin\management.dll
0x00007ffacfdd0000 - 0x00007ffacfde2000 	C:\Users\Grigorich\.jdks\corretto-1.8.0_282\jre\bin\nio.dll
0x00007ffaf7740000 - 0x00007ffaf7773000 	C:\WINDOWS\system32\rsaenh.dll
0x00007ffaf8780000 - 0x00007ffaf87a5000 	C:\WINDOWS\SYSTEM32\USERENV.dll
0x00007ffaf8220000 - 0x00007ffaf822c000 	C:\WINDOWS\SYSTEM32\CRYPTBASE.dll
0x00007ffaf2050000 - 0x00007ffaf2066000 	C:\WINDOWS\SYSTEM32\dhcpcsvc6.DLL
0x00007ffaf2030000 - 0x00007ffaf204c000 	C:\WINDOWS\SYSTEM32\dhcpcsvc.DLL
0x00007ffaea930000 - 0x00007ffaea946000 	C:\WINDOWS\system32\napinsp.dll
0x00007ffad8900000 - 0x00007ffad891a000 	C:\WINDOWS\system32\pnrpnsp.dll
0x00007ffaea990000 - 0x00007ffaea99e000 	C:\WINDOWS\System32\winrnr.dll
0x00007ffaf4d40000 - 0x00007ffaf4d5c000 	C:\WINDOWS\system32\NLAapi.dll
0x00007ffad72d0000 - 0x00007ffad72e5000 	C:\WINDOWS\system32\wshbth.dll
0x00007ffacdf10000 - 0x00007ffacdf33000 	C:\Users\Grigorich\.jdks\corretto-1.8.0_282\jre\bin\sunec.dll
0x00007ffadd140000 - 0x00007ffadd14c000 	C:\Users\Grigorich\.jdks\corretto-1.8.0_282\jre\bin\sunmscapi.dll
0x00007ffaf9350000 - 0x00007ffaf9499000 	C:\WINDOWS\System32\CRYPT32.dll
0x00007ffaf8890000 - 0x00007ffaf88a2000 	C:\WINDOWS\System32\MSASN1.dll
0x00007ffaf8320000 - 0x00007ffaf8346000 	C:\WINDOWS\SYSTEM32\ncrypt.dll
0x00007ffaf82e0000 - 0x00007ffaf831b000 	C:\WINDOWS\SYSTEM32\NTASN1.dll
0x00000000512f0000 - 0x000000005130f000 	C:\Program Files\Common Files\Crypto Pro\AppCompat\cpcrypt.dll
0x00007ffae8580000 - 0x00007ffae8774000 	C:\WINDOWS\SYSTEM32\dbghelp.dll

VM Arguments:
jvm_args: -XX:TieredStopAtLevel=1 -Xverify:none -Dspring.output.ansi.enabled=always -Dcom.sun.management.jmxremote -Dspring.jmx.enabled=true -Dspring.liveBeansView.mbeanDomain -Dspring.application.admin.enabled=true -javaagent:C:\Program Files\JetBrains\idea ultimate\lib\idea_rt.jar=59772:C:\Program Files\JetBrains\idea ultimate\bin -Dfile.encoding=UTF-8 
java_command: org.mykola.kindershop2.Kindershop2Application
java_class_path (initial): C:\Users\Grigorich\.jdks\corretto-1.8.0_282\jre\lib\charsets.jar;C:\Users\Grigorich\.jdks\corretto-1.8.0_282\jre\lib\ext\access-bridge-64.jar;C:\Users\Grigorich\.jdks\corretto-1.8.0_282\jre\lib\ext\cldrdata.jar;C:\Users\Grigorich\.jdks\corretto-1.8.0_282\jre\lib\ext\dnsns.jar;C:\Users\Grigorich\.jdks\corretto-1.8.0_282\jre\lib\ext\jaccess.jar;C:\Users\Grigorich\.jdks\corretto-1.8.0_282\jre\lib\ext\jfxrt.jar;C:\Users\Grigorich\.jdks\corretto-1.8.0_282\jre\lib\ext\localedata.jar;C:\Users\Grigorich\.jdks\corretto-1.8.0_282\jre\lib\ext\nashorn.jar;C:\Users\Grigorich\.jdks\corretto-1.8.0_282\jre\lib\ext\sunec.jar;C:\Users\Grigorich\.jdks\corretto-1.8.0_282\jre\lib\ext\sunjce_provider.jar;C:\Users\Grigorich\.jdks\corretto-1.8.0_282\jre\lib\ext\sunmscapi.jar;C:\Users\Grigorich\.jdks\corretto-1.8.0_282\jre\lib\ext\sunpkcs11.jar;C:\Users\Grigorich\.jdks\corretto-1.8.0_282\jre\lib\ext\zipfs.jar;C:\Users\Grigorich\.jdks\corretto-1.8.0_282\jre\lib\jce.jar;C:\Users\Grigorich\.jdks\corretto-1.8.0_282\jre\lib\jfr.jar;C:\Users\Grigorich\.jdks\corretto-1.8.0_282\jre\lib\jfxswt.jar;C:\Users\Grigorich\.jdks\corretto-1.8.0_282\jre\lib\jsse.jar;C:\Users\Grigorich\.jdks\corretto-1.8.0_282\jre\lib\management-agent.jar;C:\Users\Grigorich\.jdks\corretto-1.8.0_282\jre\lib\resources.jar;C:\Users\Grigorich\.jdks\corretto-1.8.0_282\jre\lib\rt.jar;D:\docs\java progs\kindershop2\target\classes;C:\Users\Grigorich\.m2\repository\org\springframework\boot\spring-boot-starter-data-jpa\2.6.4\spring-boot-starter-data-jpa-2.6.4.jar;C:\Users\Grigorich\.m2\repository\org\springframework\boot\spring-boot-starter-aop\2.6.4\spring-boot-starter-aop-2.6.4.jar;C:\Users\Grigorich\.m2\repository\org\springframework\spring-aop\5.3.16\spring-aop-5.3.16.jar;C:\Users\Grigorich\.m2\repository\org\aspectj\aspectjweaver\1.9.7\aspectjweaver-1.9.7.jar;C:\Users\Grigorich\.m2\repository\org\springframework\boot\spring-boot-starter-jdbc\2.6.4\spring-boot-starter-jdbc-2.6.4.jar;C:\Users\Grigorich\.
Launcher Type: SUN_STANDARD

Environment Variables:
PATH=C:\Python39\Scripts\;C:\Python39\;C:\Program Files\Common Files\Oracle\Java\javapath;C:\Program Files (x86)\Common Files\Oracle\Java\javapath;C:\Program Files\Java\jdk-14.0.1\bin;C:\Program Files\Intel\Intel(R) Management Engine Components\iCLS\;C:\WINDOWS\system32;C:\WINDOWS;C:\WINDOWS\System32\Wbem;C:\WINDOWS\System32\WindowsPowerShell\v1.0\;C:\WINDOWS\System32\OpenSSH\;D:\3dsmax5\backburner2\;C:\Program Files\Java\jdk-14.0.1;C:\Program Files\Java\javafx-sdk-15.0.1;C:\Program Files\Java\javafx-sdk-11.0.2;C:\Program Files\Microsoft SQL Server\Client SDK\ODBC\170\Tools\Binn\;C:\Program Files (x86)\IncrediBuild;C:\Program Files\dotnet\;C:\Program Files\Git\cmd;C:\Program Files\Azure Data Studio\bin;C:\Program Files (x86)\Microsoft SQL Server\150\Tools\Binn\;C:\Program Files\Microsoft SQL Server\150\Tools\Binn\;C:\Program Files\Microsoft SQL Server\150\DTS\Binn\;C:\Program Files (x86)\Microsoft SQL Server\150\DTS\Binn\;C:\Program Files\JetBrains\idea ultimate\bin;C:\ProgramData\chocolatey\bin;;C:\Program Files\Microsoft SQL Server\130\Tools\Binn\;C:\Program Files\nodejs\;C:\Program Files\cURL\bin;C:\Program Files (x86)\Common Files\Autodesk Shared\;d:\Program Files (x86)\backburn\;C:\Users\Grigorich\AppData\Local\Microsoft\WindowsApps;C:\Program Files\JetBrains\IntelliJ IDEA Community Edition 2020.1.2\bin;C:\Users\Grigorich\.dotnet\tools;C:\Users\Grigorich\AppData\Local\GitHubDesktop\bin;C:\Users\Grigorich\AppData\Local\atom\bin;C:\Users\Grigorich\AppData\Local\Programs\Microsoft VS Code\bin;C:\Program Files\Azure Data Studio\bin;C:\Users\Grigorich\AppData\Roaming\npm
USERNAME=Grigorich
OS=Windows_NT
PROCESSOR_IDENTIFIER=Intel64 Family 6 Model 158 Stepping 13, GenuineIntel



---------------  S Y S T E M  ---------------

OS: Windows 10.0 , 64 bit Build 18362 (10.0.18362.1110)

CPU:total 8 (initial active 8) (8 cores per cpu, 1 threads per core) family 6 model 158 stepping 13, cmov, cx8, fxsr, mmx, sse, sse2, sse3, ssse3, sse4.1, sse4.2, popcnt, avx, avx2, aes, clmul, erms, rtm, 3dnowpref, lzcnt, tsc, tscinvbit, bmi1, bmi2, adx

Memory: 4k page, physical 16414472k(2544312k free), swap 30346108k(4469668k free)

vm_info: OpenJDK 64-Bit Server VM (25.282-b08) for windows-amd64 JRE (1.8.0_282-b08), built on Jan 14 2021 22:12:08 by "Administrator" with MS VC++ 12.0 (VS2013)

time: Thu Apr 14 21:44:13 2022
timezone: RTZ 2 (ceia)
elapsed time: 127.585383 seconds (0d 0h 2m 7s)

